2022-03-14 15:28:36 INFO  PluginTasksProjectComponent.projectOpened(77) - ---------- Project opened ----------
2022-03-14 15:28:36 INFO  PluginTasksProjectComponent.projectOpened(78) - ---------- Version 3.38 ----------

2022-03-14 15:28:36 INFO  PluginTasksProjectComponent.setAutoscrolls(366) - Autoscrolls successfully set
2022-03-14 15:28:37 INFO  ApacheHttpClient.createAsyncHttpClient(143) - 1 proxies selected. Type: DIRECT
2022-03-14 15:28:37 INFO  ApacheHttpClient.<init>(94) - ApacheHttpClient was successfully instantiated.
2022-03-14 15:28:48 ERROR ApacheHttpClient.testConnection(213) - Error while checking the connection with the server 
java.util.concurrent.ExecutionException: java.net.UnknownHostException: Этот хост неизвестен (javarush.ru)
	at org.apache.http.concurrent.BasicFuture.getResult(BasicFuture.java:70)
	at org.apache.http.concurrent.BasicFuture.get(BasicFuture.java:80)
	at com.homework.plugin.client.ApacheHttpClient.getResponseCode(ApacheHttpClient.java:569)
	at com.homework.plugin.client.ApacheHttpClient.testConnection(ApacheHttpClient.java:201)
	at com.homework.plugin.client.RestApiClientFactory.<clinit>(RestApiClientFactory.java:19)
	at com.homework.plugin.PluginTasksProjectComponent$1.projectOpened(PluginTasksProjectComponent.java:87)
	at com.intellij.openapi.project.impl.ProjectManagerImpl$1.projectOpened(ProjectManagerImpl.java:90)
	at com.intellij.util.messages.impl.MessageBusImpl.invokeMethod(MessageBusImpl.java:645)
	at com.intellij.util.messages.impl.MessageBusImpl.invokeListener(MessageBusImpl.java:624)
	at com.intellij.util.messages.impl.MessageBusImpl.access$300(MessageBusImpl.java:33)
	at com.intellij.util.messages.impl.MessageBusImpl$MessagePublisher.executeOrAddToQueue(MessageBusImpl.java:208)
	at com.intellij.util.messages.impl.CompositeMessageBus$ToDirectChildrenMessagePublisher.publish(CompositeMessageBus.java:105)
	at com.intellij.util.messages.impl.MessageBusImpl$MessagePublisher.invoke(MessageBusImpl.java:166)
	at com.sun.proxy.$Proxy98.projectOpened(Unknown Source)
	at com.intellij.openapi.project.impl.ProjectManagerExImplKt$openProject$1.run(ProjectManagerExImpl.kt:465)
	at com.intellij.openapi.application.TransactionGuardImpl.runWithWritingAllowed(TransactionGuardImpl.java:214)
	at com.intellij.openapi.application.TransactionGuardImpl.access$200(TransactionGuardImpl.java:21)
	at com.intellij.openapi.application.TransactionGuardImpl$2.run(TransactionGuardImpl.java:196)
	at com.intellij.openapi.application.impl.ApplicationImpl.runIntendedWriteActionOnCurrentThread(ApplicationImpl.java:794)
	at com.intellij.openapi.application.impl.ApplicationImpl.lambda$invokeAndWait$7(ApplicationImpl.java:451)
	at com.intellij.openapi.application.impl.LaterInvocator$1.run(LaterInvocator.java:134)
	at com.intellij.openapi.application.impl.FlushQueue.doRun(FlushQueue.java:84)
	at com.intellij.openapi.application.impl.FlushQueue.runNextEvent(FlushQueue.java:133)
	at com.intellij.openapi.application.impl.FlushQueue.flushNow(FlushQueue.java:46)
	at com.intellij.openapi.application.impl.FlushQueue$FlushNow.run(FlushQueue.java:189)
	at java.desktop/java.awt.event.InvocationEvent.dispatch(InvocationEvent.java:313)
	at java.desktop/java.awt.EventQueue.dispatchEventImpl(EventQueue.java:776)
	at java.desktop/java.awt.EventQueue$4.run(EventQueue.java:727)
	at java.desktop/java.awt.EventQueue$4.run(EventQueue.java:721)
	at java.base/java.security.AccessController.doPrivileged(Native Method)
	at java.base/java.security.ProtectionDomain$JavaSecurityAccessImpl.doIntersectionPrivilege(ProtectionDomain.java:85)
	at java.desktop/java.awt.EventQueue.dispatchEvent(EventQueue.java:746)
	at com.intellij.ide.IdeEventQueue.defaultDispatchEvent(IdeEventQueue.java:885)
	at com.intellij.ide.IdeEventQueue._dispatchEvent(IdeEventQueue.java:754)
	at com.intellij.ide.IdeEventQueue.lambda$dispatchEvent$6(IdeEventQueue.java:441)
	at com.intellij.openapi.progress.impl.CoreProgressManager.computePrioritized(CoreProgressManager.java:825)
	at com.intellij.ide.IdeEventQueue.lambda$dispatchEvent$7(IdeEventQueue.java:440)
	at com.intellij.openapi.application.impl.ApplicationImpl.runIntendedWriteActionOnCurrentThread(ApplicationImpl.java:794)
	at com.intellij.ide.IdeEventQueue.dispatchEvent(IdeEventQueue.java:486)
	at com.intellij.ide.IdeEventQueue.pumpEventsForHierarchy(IdeEventQueue.java:945)
	at com.intellij.openapi.progress.util.ProgressWindow.lambda$startBlocking$7(ProgressWindow.java:229)
	at com.intellij.openapi.application.impl.ApplicationImpl.runUnlockingIntendedWrite(ApplicationImpl.java:820)
	at com.intellij.openapi.progress.util.ProgressWindow.startBlocking(ProgressWindow.java:225)
	at com.intellij.openapi.progress.impl.ProgressRunner.lambda$execFromEDT$6(ProgressRunner.java:311)
	at java.base/java.util.concurrent.CompletableFuture.uniAcceptNow(CompletableFuture.java:753)
	at java.base/java.util.concurrent.CompletableFuture.uniAcceptStage(CompletableFuture.java:731)
	at java.base/java.util.concurrent.CompletableFuture.thenAccept(CompletableFuture.java:2108)
	at com.intellij.openapi.progress.impl.ProgressRunner.execFromEDT(ProgressRunner.java:308)
	at com.intellij.openapi.progress.impl.ProgressRunner.submit(ProgressRunner.java:258)
	at com.intellij.openapi.progress.impl.ProgressRunner.submitAndGet(ProgressRunner.java:183)
	at com.intellij.openapi.project.impl.ProjectUiFrameAllocator.run(ProjectFrameAllocator.kt:116)
	at com.intellij.openapi.project.impl.ProjectManagerExImpl.doOpenAsync(ProjectManagerExImpl.kt:119)
	at com.intellij.openapi.project.impl.ProjectManagerExImpl.openProjectAsync(ProjectManagerExImpl.kt:110)
	at com.intellij.openapi.project.impl.ProjectManagerExImpl.openProject(ProjectManagerExImpl.kt:72)
	at com.intellij.ide.impl.NewProjectUtil.doCreate(NewProjectUtil.java:181)
	at com.intellij.ide.impl.NewProjectUtil.createFromWizard(NewProjectUtil.java:71)
	at com.intellij.ide.impl.NewProjectUtil.createFromWizard(NewProjectUtil.java:66)
	at com.intellij.ide.impl.NewProjectUtil.createNewProject(NewProjectUtil.java:61)
	at com.intellij.ide.actions.NewProjectAction.actionPerformed(NewProjectAction.java:21)
	at com.intellij.openapi.actionSystem.ex.ActionUtil.lambda$performActionDumbAwareWithCallbacks$4(ActionUtil.java:240)
	at com.intellij.openapi.actionSystem.ex.ActionUtil.performDumbAwareWithCallbacks(ActionUtil.java:261)
	at com.intellij.openapi.actionSystem.ex.ActionUtil.performActionDumbAwareWithCallbacks(ActionUtil.java:240)
	at com.intellij.openapi.wm.impl.welcomeScreen.WelcomeScreenActionsUtil.performAnActionForComponent(WelcomeScreenActionsUtil.java:96)
	at com.intellij.openapi.wm.impl.welcomeScreen.WelcomeScreenActionsUtil$ToolbarTextButtonWrapper$1.actionPerformed(WelcomeScreenActionsUtil.java:56)
	at java.desktop/javax.swing.AbstractButton.fireActionPerformed(AbstractButton.java:1967)
	at java.desktop/javax.swing.AbstractButton$Handler.actionPerformed(AbstractButton.java:2308)
	at java.desktop/javax.swing.DefaultButtonModel.fireActionPerformed(DefaultButtonModel.java:405)
	at java.desktop/javax.swing.DefaultButtonModel.setPressed(DefaultButtonModel.java:262)
	at java.desktop/javax.swing.plaf.basic.BasicButtonListener.mouseReleased(BasicButtonListener.java:270)
	at java.desktop/java.awt.Component.processMouseEvent(Component.java:6652)
	at java.desktop/javax.swing.JComponent.processMouseEvent(JComponent.java:3345)
	at java.desktop/java.awt.Component.processEvent(Component.java:6417)
	at java.desktop/java.awt.Container.processEvent(Container.java:2263)
	at java.desktop/java.awt.Component.dispatchEventImpl(Component.java:5027)
	at java.desktop/java.awt.Container.dispatchEventImpl(Container.java:2321)
	at java.desktop/java.awt.Component.dispatchEvent(Component.java:4859)
	at java.desktop/java.awt.LightweightDispatcher.retargetMouseEvent(Container.java:4918)
	at java.desktop/java.awt.LightweightDispatcher.processMouseEvent(Container.java:4547)
	at java.desktop/java.awt.LightweightDispatcher.dispatchEvent(Container.java:4488)
	at java.desktop/java.awt.Container.dispatchEventImpl(Container.java:2307)
	at java.desktop/java.awt.Window.dispatchEventImpl(Window.java:2784)
	at java.desktop/java.awt.Component.dispatchEvent(Component.java:4859)
	at java.desktop/java.awt.EventQueue.dispatchEventImpl(EventQueue.java:778)
	at java.desktop/java.awt.EventQueue$4.run(EventQueue.java:727)
	at java.desktop/java.awt.EventQueue$4.run(EventQueue.java:721)
	at java.base/java.security.AccessController.doPrivileged(Native Method)
	at java.base/java.security.ProtectionDomain$JavaSecurityAccessImpl.doIntersectionPrivilege(ProtectionDomain.java:85)
	at java.base/java.security.ProtectionDomain$JavaSecurityAccessImpl.doIntersectionPrivilege(ProtectionDomain.java:95)
	at java.desktop/java.awt.EventQueue$5.run(EventQueue.java:751)
	at java.desktop/java.awt.EventQueue$5.run(EventQueue.java:749)
	at java.base/java.security.AccessController.doPrivileged(Native Method)
	at java.base/java.security.ProtectionDomain$JavaSecurityAccessImpl.doIntersectionPrivilege(ProtectionDomain.java:85)
	at java.desktop/java.awt.EventQueue.dispatchEvent(EventQueue.java:748)
	at com.intellij.ide.IdeEventQueue.defaultDispatchEvent(IdeEventQueue.java:885)
	at com.intellij.ide.IdeEventQueue.dispatchMouseEvent(IdeEventQueue.java:814)
	at com.intellij.ide.IdeEventQueue._dispatchEvent(IdeEventQueue.java:751)
	at com.intellij.ide.IdeEventQueue.lambda$dispatchEvent$6(IdeEventQueue.java:441)
	at com.intellij.openapi.progress.impl.CoreProgressManager.computePrioritized(CoreProgressManager.java:825)
	at com.intellij.ide.IdeEventQueue.lambda$dispatchEvent$7(IdeEventQueue.java:440)
	at com.intellij.openapi.application.impl.ApplicationImpl.runIntendedWriteActionOnCurrentThread(ApplicationImpl.java:794)
	at com.intellij.ide.IdeEventQueue.dispatchEvent(IdeEventQueue.java:492)
	at java.desktop/java.awt.EventDispatchThread.pumpOneEventForFilters(EventDispatchThread.java:203)
	at java.desktop/java.awt.EventDispatchThread.pumpEventsForFilter(EventDispatchThread.java:124)
	at java.desktop/java.awt.EventDispatchThread.pumpEventsForHierarchy(EventDispatchThread.java:113)
	at java.desktop/java.awt.EventDispatchThread.pumpEvents(EventDispatchThread.java:109)
	at java.desktop/java.awt.EventDispatchThread.pumpEvents(EventDispatchThread.java:101)
	at java.desktop/java.awt.EventDispatchThread.run(EventDispatchThread.java:90)
Caused by: java.net.UnknownHostException: Этот хост неизвестен (javarush.ru)
	at java.base/java.net.Inet4AddressImpl.lookupAllHostAddr(Native Method)
	at java.base/java.net.InetAddress$PlatformNameService.lookupAllHostAddr(InetAddress.java:929)
	at java.base/java.net.InetAddress.getAddressesFromNameService(InetAddress.java:1519)
	at java.base/java.net.InetAddress$NameServiceAddresses.get(InetAddress.java:848)
	at java.base/java.net.InetAddress.getAllByName0(InetAddress.java:1509)
	at java.base/java.net.InetAddress.getAllByName(InetAddress.java:1368)
	at java.base/java.net.InetAddress.getAllByName(InetAddress.java:1302)
	at org.apache.http.impl.conn.SystemDefaultDnsResolver.resolve(SystemDefaultDnsResolver.java:45)
	at org.apache.http.impl.nio.conn.PoolingNHttpClientConnectionManager$InternalAddressResolver.resolveRemoteAddress(PoolingNHttpClientConnectionManager.java:609)
	at org.apache.http.impl.nio.conn.PoolingNHttpClientConnectionManager$InternalAddressResolver.resolveRemoteAddress(PoolingNHttpClientConnectionManager.java:580)
	at org.apache.http.nio.pool.AbstractNIOConnPool.processPendingRequest(AbstractNIOConnPool.java:427)
	at org.apache.http.nio.pool.AbstractNIOConnPool.lease(AbstractNIOConnPool.java:276)
	at org.apache.http.impl.nio.conn.PoolingNHttpClientConnectionManager.requestConnection(PoolingNHttpClientConnectionManager.java:266)
	at org.apache.http.impl.nio.client.AbstractClientExchangeHandler.requestConnection(AbstractClientExchangeHandler.java:363)
	at org.apache.http.impl.nio.client.DefaultClientExchangeHandlerImpl.start(DefaultClientExchangeHandlerImpl.java:125)
	at org.apache.http.impl.nio.client.InternalHttpAsyncClient.execute(InternalHttpAsyncClient.java:141)
	at org.apache.http.impl.nio.client.CloseableHttpAsyncClient.execute(CloseableHttpAsyncClient.java:75)
	at org.apache.http.impl.nio.client.CloseableHttpAsyncClient.execute(CloseableHttpAsyncClient.java:108)
	at com.homework.plugin.client.ApacheHttpClient.testConnection(ApacheHttpClient.java:200)
	... 103 more
2022-03-14 15:28:48 INFO  ApacheHttpClient.testConnection(217) - result = false
2022-03-14 15:28:48 ERROR HttpsURLConnectionClient.<init>(78) - Error while getting the proxy login from HttpConfigurable.
2022-03-14 15:28:48 ERROR HttpsURLConnectionClient.getServerAvailabilityStatus(722) - Error while checking server availability.
java.net.UnknownHostException: javarush.ru
	at java.base/java.net.AbstractPlainSocketImpl.connect(AbstractPlainSocketImpl.java:220)
	at java.base/java.net.SocksSocketImpl.connect(SocksSocketImpl.java:392)
	at java.base/java.net.Socket.connect(Socket.java:609)
	at java.base/sun.security.ssl.SSLSocketImpl.connect(SSLSocketImpl.java:299)
	at java.base/sun.net.NetworkClient.doConnect(NetworkClient.java:177)
	at java.base/sun.net.www.http.HttpClient.openServer(HttpClient.java:474)
	at java.base/sun.net.www.http.HttpClient.openServer(HttpClient.java:569)
	at java.base/sun.net.www.protocol.https.HttpsClient.<init>(HttpsClient.java:266)
	at java.base/sun.net.www.protocol.https.HttpsClient.New(HttpsClient.java:373)
	at java.base/sun.net.www.protocol.https.AbstractDelegateHttpsURLConnection.getNewHttpClient(AbstractDelegateHttpsURLConnection.java:203)
	at java.base/sun.net.www.protocol.http.HttpURLConnection.plainConnect0(HttpURLConnection.java:1187)
	at java.base/sun.net.www.protocol.http.HttpURLConnection.plainConnect(HttpURLConnection.java:1081)
	at java.base/sun.net.www.protocol.https.AbstractDelegateHttpsURLConnection.connect(AbstractDelegateHttpsURLConnection.java:189)
	at java.base/sun.net.www.protocol.https.HttpsURLConnectionImpl.connect(HttpsURLConnectionImpl.java:168)
	at com.homework.plugin.client.HttpsURLConnectionClient.getServerAvailabilityStatus(HttpsURLConnectionClient.java:706)
	at com.homework.plugin.PluginTasksProjectComponent$1.projectOpened(PluginTasksProjectComponent.java:89)
	at com.intellij.openapi.project.impl.ProjectManagerImpl$1.projectOpened(ProjectManagerImpl.java:90)
	at com.intellij.util.messages.impl.MessageBusImpl.invokeMethod(MessageBusImpl.java:645)
	at com.intellij.util.messages.impl.MessageBusImpl.invokeListener(MessageBusImpl.java:624)
	at com.intellij.util.messages.impl.MessageBusImpl.access$300(MessageBusImpl.java:33)
	at com.intellij.util.messages.impl.MessageBusImpl$MessagePublisher.executeOrAddToQueue(MessageBusImpl.java:208)
	at com.intellij.util.messages.impl.CompositeMessageBus$ToDirectChildrenMessagePublisher.publish(CompositeMessageBus.java:105)
	at com.intellij.util.messages.impl.MessageBusImpl$MessagePublisher.invoke(MessageBusImpl.java:166)
	at com.sun.proxy.$Proxy98.projectOpened(Unknown Source)
	at com.intellij.openapi.project.impl.ProjectManagerExImplKt$openProject$1.run(ProjectManagerExImpl.kt:465)
	at com.intellij.openapi.application.TransactionGuardImpl.runWithWritingAllowed(TransactionGuardImpl.java:214)
	at com.intellij.openapi.application.TransactionGuardImpl.access$200(TransactionGuardImpl.java:21)
	at com.intellij.openapi.application.TransactionGuardImpl$2.run(TransactionGuardImpl.java:196)
	at com.intellij.openapi.application.impl.ApplicationImpl.runIntendedWriteActionOnCurrentThread(ApplicationImpl.java:794)
	at com.intellij.openapi.application.impl.ApplicationImpl.lambda$invokeAndWait$7(ApplicationImpl.java:451)
	at com.intellij.openapi.application.impl.LaterInvocator$1.run(LaterInvocator.java:134)
	at com.intellij.openapi.application.impl.FlushQueue.doRun(FlushQueue.java:84)
	at com.intellij.openapi.application.impl.FlushQueue.runNextEvent(FlushQueue.java:133)
	at com.intellij.openapi.application.impl.FlushQueue.flushNow(FlushQueue.java:46)
	at com.intellij.openapi.application.impl.FlushQueue$FlushNow.run(FlushQueue.java:189)
	at java.desktop/java.awt.event.InvocationEvent.dispatch(InvocationEvent.java:313)
	at java.desktop/java.awt.EventQueue.dispatchEventImpl(EventQueue.java:776)
	at java.desktop/java.awt.EventQueue$4.run(EventQueue.java:727)
	at java.desktop/java.awt.EventQueue$4.run(EventQueue.java:721)
	at java.base/java.security.AccessController.doPrivileged(Native Method)
	at java.base/java.security.ProtectionDomain$JavaSecurityAccessImpl.doIntersectionPrivilege(ProtectionDomain.java:85)
	at java.desktop/java.awt.EventQueue.dispatchEvent(EventQueue.java:746)
	at com.intellij.ide.IdeEventQueue.defaultDispatchEvent(IdeEventQueue.java:885)
	at com.intellij.ide.IdeEventQueue._dispatchEvent(IdeEventQueue.java:754)
	at com.intellij.ide.IdeEventQueue.lambda$dispatchEvent$6(IdeEventQueue.java:441)
	at com.intellij.openapi.progress.impl.CoreProgressManager.computePrioritized(CoreProgressManager.java:825)
	at com.intellij.ide.IdeEventQueue.lambda$dispatchEvent$7(IdeEventQueue.java:440)
	at com.intellij.openapi.application.impl.ApplicationImpl.runIntendedWriteActionOnCurrentThread(ApplicationImpl.java:794)
	at com.intellij.ide.IdeEventQueue.dispatchEvent(IdeEventQueue.java:486)
	at com.intellij.ide.IdeEventQueue.pumpEventsForHierarchy(IdeEventQueue.java:945)
	at com.intellij.openapi.progress.util.ProgressWindow.lambda$startBlocking$7(ProgressWindow.java:229)
	at com.intellij.openapi.application.impl.ApplicationImpl.runUnlockingIntendedWrite(ApplicationImpl.java:820)
	at com.intellij.openapi.progress.util.ProgressWindow.startBlocking(ProgressWindow.java:225)
	at com.intellij.openapi.progress.impl.ProgressRunner.lambda$execFromEDT$6(ProgressRunner.java:311)
	at java.base/java.util.concurrent.CompletableFuture.uniAcceptNow(CompletableFuture.java:753)
	at java.base/java.util.concurrent.CompletableFuture.uniAcceptStage(CompletableFuture.java:731)
	at java.base/java.util.concurrent.CompletableFuture.thenAccept(CompletableFuture.java:2108)
	at com.intellij.openapi.progress.impl.ProgressRunner.execFromEDT(ProgressRunner.java:308)
	at com.intellij.openapi.progress.impl.ProgressRunner.submit(ProgressRunner.java:258)
	at com.intellij.openapi.progress.impl.ProgressRunner.submitAndGet(ProgressRunner.java:183)
	at com.intellij.openapi.project.impl.ProjectUiFrameAllocator.run(ProjectFrameAllocator.kt:116)
	at com.intellij.openapi.project.impl.ProjectManagerExImpl.doOpenAsync(ProjectManagerExImpl.kt:119)
	at com.intellij.openapi.project.impl.ProjectManagerExImpl.openProjectAsync(ProjectManagerExImpl.kt:110)
	at com.intellij.openapi.project.impl.ProjectManagerExImpl.openProject(ProjectManagerExImpl.kt:72)
	at com.intellij.ide.impl.NewProjectUtil.doCreate(NewProjectUtil.java:181)
	at com.intellij.ide.impl.NewProjectUtil.createFromWizard(NewProjectUtil.java:71)
	at com.intellij.ide.impl.NewProjectUtil.createFromWizard(NewProjectUtil.java:66)
	at com.intellij.ide.impl.NewProjectUtil.createNewProject(NewProjectUtil.java:61)
	at com.intellij.ide.actions.NewProjectAction.actionPerformed(NewProjectAction.java:21)
	at com.intellij.openapi.actionSystem.ex.ActionUtil.lambda$performActionDumbAwareWithCallbacks$4(ActionUtil.java:240)
	at com.intellij.openapi.actionSystem.ex.ActionUtil.performDumbAwareWithCallbacks(ActionUtil.java:261)
	at com.intellij.openapi.actionSystem.ex.ActionUtil.performActionDumbAwareWithCallbacks(ActionUtil.java:240)
	at com.intellij.openapi.wm.impl.welcomeScreen.WelcomeScreenActionsUtil.performAnActionForComponent(WelcomeScreenActionsUtil.java:96)
	at com.intellij.openapi.wm.impl.welcomeScreen.WelcomeScreenActionsUtil$ToolbarTextButtonWrapper$1.actionPerformed(WelcomeScreenActionsUtil.java:56)
	at java.desktop/javax.swing.AbstractButton.fireActionPerformed(AbstractButton.java:1967)
	at java.desktop/javax.swing.AbstractButton$Handler.actionPerformed(AbstractButton.java:2308)
	at java.desktop/javax.swing.DefaultButtonModel.fireActionPerformed(DefaultButtonModel.java:405)
	at java.desktop/javax.swing.DefaultButtonModel.setPressed(DefaultButtonModel.java:262)
	at java.desktop/javax.swing.plaf.basic.BasicButtonListener.mouseReleased(BasicButtonListener.java:270)
	at java.desktop/java.awt.Component.processMouseEvent(Component.java:6652)
	at java.desktop/javax.swing.JComponent.processMouseEvent(JComponent.java:3345)
	at java.desktop/java.awt.Component.processEvent(Component.java:6417)
	at java.desktop/java.awt.Container.processEvent(Container.java:2263)
	at java.desktop/java.awt.Component.dispatchEventImpl(Component.java:5027)
	at java.desktop/java.awt.Container.dispatchEventImpl(Container.java:2321)
	at java.desktop/java.awt.Component.dispatchEvent(Component.java:4859)
	at java.desktop/java.awt.LightweightDispatcher.retargetMouseEvent(Container.java:4918)
	at java.desktop/java.awt.LightweightDispatcher.processMouseEvent(Container.java:4547)
	at java.desktop/java.awt.LightweightDispatcher.dispatchEvent(Container.java:4488)
	at java.desktop/java.awt.Container.dispatchEventImpl(Container.java:2307)
	at java.desktop/java.awt.Window.dispatchEventImpl(Window.java:2784)
	at java.desktop/java.awt.Component.dispatchEvent(Component.java:4859)
	at java.desktop/java.awt.EventQueue.dispatchEventImpl(EventQueue.java:778)
	at java.desktop/java.awt.EventQueue$4.run(EventQueue.java:727)
	at java.desktop/java.awt.EventQueue$4.run(EventQueue.java:721)
	at java.base/java.security.AccessController.doPrivileged(Native Method)
	at java.base/java.security.ProtectionDomain$JavaSecurityAccessImpl.doIntersectionPrivilege(ProtectionDomain.java:85)
	at java.base/java.security.ProtectionDomain$JavaSecurityAccessImpl.doIntersectionPrivilege(ProtectionDomain.java:95)
	at java.desktop/java.awt.EventQueue$5.run(EventQueue.java:751)
	at java.desktop/java.awt.EventQueue$5.run(EventQueue.java:749)
	at java.base/java.security.AccessController.doPrivileged(Native Method)
	at java.base/java.security.ProtectionDomain$JavaSecurityAccessImpl.doIntersectionPrivilege(ProtectionDomain.java:85)
	at java.desktop/java.awt.EventQueue.dispatchEvent(EventQueue.java:748)
	at com.intellij.ide.IdeEventQueue.defaultDispatchEvent(IdeEventQueue.java:885)
	at com.intellij.ide.IdeEventQueue.dispatchMouseEvent(IdeEventQueue.java:814)
	at com.intellij.ide.IdeEventQueue._dispatchEvent(IdeEventQueue.java:751)
	at com.intellij.ide.IdeEventQueue.lambda$dispatchEvent$6(IdeEventQueue.java:441)
	at com.intellij.openapi.progress.impl.CoreProgressManager.computePrioritized(CoreProgressManager.java:825)
	at com.intellij.ide.IdeEventQueue.lambda$dispatchEvent$7(IdeEventQueue.java:440)
	at com.intellij.openapi.application.impl.ApplicationImpl.runIntendedWriteActionOnCurrentThread(ApplicationImpl.java:794)
	at com.intellij.ide.IdeEventQueue.dispatchEvent(IdeEventQueue.java:492)
	at java.desktop/java.awt.EventDispatchThread.pumpOneEventForFilters(EventDispatchThread.java:203)
	at java.desktop/java.awt.EventDispatchThread.pumpEventsForFilter(EventDispatchThread.java:124)
	at java.desktop/java.awt.EventDispatchThread.pumpEventsForHierarchy(EventDispatchThread.java:113)
	at java.desktop/java.awt.EventDispatchThread.pumpEvents(EventDispatchThread.java:109)
	at java.desktop/java.awt.EventDispatchThread.pumpEvents(EventDispatchThread.java:101)
	at java.desktop/java.awt.EventDispatchThread.run(EventDispatchThread.java:90)
2022-03-14 15:46:51 INFO  PluginTasksProjectComponent.projectClosing(188) - ---------- Project closed ----------

2022-03-15 15:39:54 INFO  PluginTasksProjectComponent.projectOpened(77) - ---------- Project opened ----------
2022-03-15 15:39:54 INFO  PluginTasksProjectComponent.projectOpened(78) - ---------- Version 3.38 ----------

2022-03-15 15:39:54 INFO  PluginTasksProjectComponent.setAutoscrolls(366) - Autoscrolls successfully set
2022-03-15 15:39:54 INFO  ApacheHttpClient.createAsyncHttpClient(143) - 1 proxies selected. Type: DIRECT
2022-03-15 15:39:54 INFO  ApacheHttpClient.<init>(94) - ApacheHttpClient was successfully instantiated.
2022-03-15 15:39:54 ERROR ApacheHttpClient.testConnection(213) - Error while checking the connection with the server 
java.util.concurrent.ExecutionException: java.net.UnknownHostException: Этот хост неизвестен (javarush.ru)
	at org.apache.http.concurrent.BasicFuture.getResult(BasicFuture.java:70)
	at org.apache.http.concurrent.BasicFuture.get(BasicFuture.java:80)
	at com.homework.plugin.client.ApacheHttpClient.getResponseCode(ApacheHttpClient.java:569)
	at com.homework.plugin.client.ApacheHttpClient.testConnection(ApacheHttpClient.java:201)
	at com.homework.plugin.client.RestApiClientFactory.<clinit>(RestApiClientFactory.java:19)
	at com.homework.plugin.PluginTasksProjectComponent$1.projectOpened(PluginTasksProjectComponent.java:87)
	at com.intellij.openapi.project.impl.ProjectManagerImpl$1.projectOpened(ProjectManagerImpl.java:90)
	at com.intellij.util.messages.impl.MessageBusImpl.invokeMethod(MessageBusImpl.java:645)
	at com.intellij.util.messages.impl.MessageBusImpl.invokeListener(MessageBusImpl.java:624)
	at com.intellij.util.messages.impl.MessageBusImpl.access$300(MessageBusImpl.java:33)
	at com.intellij.util.messages.impl.MessageBusImpl$MessagePublisher.executeOrAddToQueue(MessageBusImpl.java:208)
	at com.intellij.util.messages.impl.CompositeMessageBus$ToDirectChildrenMessagePublisher.publish(CompositeMessageBus.java:105)
	at com.intellij.util.messages.impl.MessageBusImpl$MessagePublisher.invoke(MessageBusImpl.java:166)
	at com.sun.proxy.$Proxy79.projectOpened(Unknown Source)
	at com.intellij.openapi.project.impl.ProjectManagerExImplKt$openProject$1.run(ProjectManagerExImpl.kt:465)
	at com.intellij.openapi.application.TransactionGuardImpl.runWithWritingAllowed(TransactionGuardImpl.java:214)
	at com.intellij.openapi.application.TransactionGuardImpl.access$200(TransactionGuardImpl.java:21)
	at com.intellij.openapi.application.TransactionGuardImpl$2.run(TransactionGuardImpl.java:196)
	at com.intellij.openapi.application.impl.ApplicationImpl.runIntendedWriteActionOnCurrentThread(ApplicationImpl.java:794)
	at com.intellij.openapi.application.impl.ApplicationImpl.lambda$invokeAndWait$7(ApplicationImpl.java:451)
	at com.intellij.openapi.application.impl.LaterInvocator$1.run(LaterInvocator.java:134)
	at com.intellij.openapi.application.impl.FlushQueue.doRun(FlushQueue.java:84)
	at com.intellij.openapi.application.impl.FlushQueue.runNextEvent(FlushQueue.java:133)
	at com.intellij.openapi.application.impl.FlushQueue.flushNow(FlushQueue.java:46)
	at com.intellij.openapi.application.impl.FlushQueue$FlushNow.run(FlushQueue.java:189)
	at java.desktop/java.awt.event.InvocationEvent.dispatch(InvocationEvent.java:313)
	at java.desktop/java.awt.EventQueue.dispatchEventImpl(EventQueue.java:776)
	at java.desktop/java.awt.EventQueue$4.run(EventQueue.java:727)
	at java.desktop/java.awt.EventQueue$4.run(EventQueue.java:721)
	at java.base/java.security.AccessController.doPrivileged(Native Method)
	at java.base/java.security.ProtectionDomain$JavaSecurityAccessImpl.doIntersectionPrivilege(ProtectionDomain.java:85)
	at java.desktop/java.awt.EventQueue.dispatchEvent(EventQueue.java:746)
	at com.intellij.ide.IdeEventQueue.defaultDispatchEvent(IdeEventQueue.java:885)
	at com.intellij.ide.IdeEventQueue._dispatchEvent(IdeEventQueue.java:754)
	at com.intellij.ide.IdeEventQueue.lambda$dispatchEvent$6(IdeEventQueue.java:441)
	at com.intellij.openapi.progress.impl.CoreProgressManager.computePrioritized(CoreProgressManager.java:825)
	at com.intellij.ide.IdeEventQueue.lambda$dispatchEvent$7(IdeEventQueue.java:440)
	at com.intellij.openapi.application.impl.ApplicationImpl.runIntendedWriteActionOnCurrentThread(ApplicationImpl.java:794)
	at com.intellij.ide.IdeEventQueue.dispatchEvent(IdeEventQueue.java:486)
	at java.desktop/java.awt.EventDispatchThread.pumpOneEventForFilters(EventDispatchThread.java:203)
	at java.desktop/java.awt.EventDispatchThread.pumpEventsForFilter(EventDispatchThread.java:124)
	at java.desktop/java.awt.EventDispatchThread.pumpEventsForHierarchy(EventDispatchThread.java:113)
	at java.desktop/java.awt.EventDispatchThread.pumpEvents(EventDispatchThread.java:109)
	at java.desktop/java.awt.EventDispatchThread.pumpEvents(EventDispatchThread.java:101)
	at java.desktop/java.awt.EventDispatchThread.run(EventDispatchThread.java:90)
Caused by: java.net.UnknownHostException: Этот хост неизвестен (javarush.ru)
	at java.base/java.net.Inet4AddressImpl.lookupAllHostAddr(Native Method)
	at java.base/java.net.InetAddress$PlatformNameService.lookupAllHostAddr(InetAddress.java:929)
	at java.base/java.net.InetAddress.getAddressesFromNameService(InetAddress.java:1519)
	at java.base/java.net.InetAddress$NameServiceAddresses.get(InetAddress.java:848)
	at java.base/java.net.InetAddress.getAllByName0(InetAddress.java:1509)
	at java.base/java.net.InetAddress.getAllByName(InetAddress.java:1368)
	at java.base/java.net.InetAddress.getAllByName(InetAddress.java:1302)
	at org.apache.http.impl.conn.SystemDefaultDnsResolver.resolve(SystemDefaultDnsResolver.java:45)
	at org.apache.http.impl.nio.conn.PoolingNHttpClientConnectionManager$InternalAddressResolver.resolveRemoteAddress(PoolingNHttpClientConnectionManager.java:609)
	at org.apache.http.impl.nio.conn.PoolingNHttpClientConnectionManager$InternalAddressResolver.resolveRemoteAddress(PoolingNHttpClientConnectionManager.java:580)
	at org.apache.http.nio.pool.AbstractNIOConnPool.processPendingRequest(AbstractNIOConnPool.java:427)
	at org.apache.http.nio.pool.AbstractNIOConnPool.lease(AbstractNIOConnPool.java:276)
	at org.apache.http.impl.nio.conn.PoolingNHttpClientConnectionManager.requestConnection(PoolingNHttpClientConnectionManager.java:266)
	at org.apache.http.impl.nio.client.AbstractClientExchangeHandler.requestConnection(AbstractClientExchangeHandler.java:363)
	at org.apache.http.impl.nio.client.DefaultClientExchangeHandlerImpl.start(DefaultClientExchangeHandlerImpl.java:125)
	at org.apache.http.impl.nio.client.InternalHttpAsyncClient.execute(InternalHttpAsyncClient.java:141)
	at org.apache.http.impl.nio.client.CloseableHttpAsyncClient.execute(CloseableHttpAsyncClient.java:75)
	at org.apache.http.impl.nio.client.CloseableHttpAsyncClient.execute(CloseableHttpAsyncClient.java:108)
	at com.homework.plugin.client.ApacheHttpClient.testConnection(ApacheHttpClient.java:200)
	... 41 more
2022-03-15 15:39:54 INFO  ApacheHttpClient.testConnection(217) - result = false
2022-03-15 15:39:54 ERROR HttpsURLConnectionClient.<init>(78) - Error while getting the proxy login from HttpConfigurable.
2022-03-15 15:39:54 ERROR HttpsURLConnectionClient.getServerAvailabilityStatus(722) - Error while checking server availability.
java.net.UnknownHostException: javarush.ru
	at java.base/java.net.AbstractPlainSocketImpl.connect(AbstractPlainSocketImpl.java:220)
	at java.base/java.net.SocksSocketImpl.connect(SocksSocketImpl.java:392)
	at java.base/java.net.Socket.connect(Socket.java:609)
	at java.base/sun.security.ssl.SSLSocketImpl.connect(SSLSocketImpl.java:299)
	at java.base/sun.net.NetworkClient.doConnect(NetworkClient.java:177)
	at java.base/sun.net.www.http.HttpClient.openServer(HttpClient.java:474)
	at java.base/sun.net.www.http.HttpClient.openServer(HttpClient.java:569)
	at java.base/sun.net.www.protocol.https.HttpsClient.<init>(HttpsClient.java:266)
	at java.base/sun.net.www.protocol.https.HttpsClient.New(HttpsClient.java:373)
	at java.base/sun.net.www.protocol.https.AbstractDelegateHttpsURLConnection.getNewHttpClient(AbstractDelegateHttpsURLConnection.java:203)
	at java.base/sun.net.www.protocol.http.HttpURLConnection.plainConnect0(HttpURLConnection.java:1187)
	at java.base/sun.net.www.protocol.http.HttpURLConnection.plainConnect(HttpURLConnection.java:1081)
	at java.base/sun.net.www.protocol.https.AbstractDelegateHttpsURLConnection.connect(AbstractDelegateHttpsURLConnection.java:189)
	at java.base/sun.net.www.protocol.https.HttpsURLConnectionImpl.connect(HttpsURLConnectionImpl.java:168)
	at com.homework.plugin.client.HttpsURLConnectionClient.getServerAvailabilityStatus(HttpsURLConnectionClient.java:706)
	at com.homework.plugin.PluginTasksProjectComponent$1.projectOpened(PluginTasksProjectComponent.java:89)
	at com.intellij.openapi.project.impl.ProjectManagerImpl$1.projectOpened(ProjectManagerImpl.java:90)
	at com.intellij.util.messages.impl.MessageBusImpl.invokeMethod(MessageBusImpl.java:645)
	at com.intellij.util.messages.impl.MessageBusImpl.invokeListener(MessageBusImpl.java:624)
	at com.intellij.util.messages.impl.MessageBusImpl.access$300(MessageBusImpl.java:33)
	at com.intellij.util.messages.impl.MessageBusImpl$MessagePublisher.executeOrAddToQueue(MessageBusImpl.java:208)
	at com.intellij.util.messages.impl.CompositeMessageBus$ToDirectChildrenMessagePublisher.publish(CompositeMessageBus.java:105)
	at com.intellij.util.messages.impl.MessageBusImpl$MessagePublisher.invoke(MessageBusImpl.java:166)
	at com.sun.proxy.$Proxy79.projectOpened(Unknown Source)
	at com.intellij.openapi.project.impl.ProjectManagerExImplKt$openProject$1.run(ProjectManagerExImpl.kt:465)
	at com.intellij.openapi.application.TransactionGuardImpl.runWithWritingAllowed(TransactionGuardImpl.java:214)
	at com.intellij.openapi.application.TransactionGuardImpl.access$200(TransactionGuardImpl.java:21)
	at com.intellij.openapi.application.TransactionGuardImpl$2.run(TransactionGuardImpl.java:196)
	at com.intellij.openapi.application.impl.ApplicationImpl.runIntendedWriteActionOnCurrentThread(ApplicationImpl.java:794)
	at com.intellij.openapi.application.impl.ApplicationImpl.lambda$invokeAndWait$7(ApplicationImpl.java:451)
	at com.intellij.openapi.application.impl.LaterInvocator$1.run(LaterInvocator.java:134)
	at com.intellij.openapi.application.impl.FlushQueue.doRun(FlushQueue.java:84)
	at com.intellij.openapi.application.impl.FlushQueue.runNextEvent(FlushQueue.java:133)
	at com.intellij.openapi.application.impl.FlushQueue.flushNow(FlushQueue.java:46)
	at com.intellij.openapi.application.impl.FlushQueue$FlushNow.run(FlushQueue.java:189)
	at java.desktop/java.awt.event.InvocationEvent.dispatch(InvocationEvent.java:313)
	at java.desktop/java.awt.EventQueue.dispatchEventImpl(EventQueue.java:776)
	at java.desktop/java.awt.EventQueue$4.run(EventQueue.java:727)
	at java.desktop/java.awt.EventQueue$4.run(EventQueue.java:721)
	at java.base/java.security.AccessController.doPrivileged(Native Method)
	at java.base/java.security.ProtectionDomain$JavaSecurityAccessImpl.doIntersectionPrivilege(ProtectionDomain.java:85)
	at java.desktop/java.awt.EventQueue.dispatchEvent(EventQueue.java:746)
	at com.intellij.ide.IdeEventQueue.defaultDispatchEvent(IdeEventQueue.java:885)
	at com.intellij.ide.IdeEventQueue._dispatchEvent(IdeEventQueue.java:754)
	at com.intellij.ide.IdeEventQueue.lambda$dispatchEvent$6(IdeEventQueue.java:441)
	at com.intellij.openapi.progress.impl.CoreProgressManager.computePrioritized(CoreProgressManager.java:825)
	at com.intellij.ide.IdeEventQueue.lambda$dispatchEvent$7(IdeEventQueue.java:440)
	at com.intellij.openapi.application.impl.ApplicationImpl.runIntendedWriteActionOnCurrentThread(ApplicationImpl.java:794)
	at com.intellij.ide.IdeEventQueue.dispatchEvent(IdeEventQueue.java:486)
	at java.desktop/java.awt.EventDispatchThread.pumpOneEventForFilters(EventDispatchThread.java:203)
	at java.desktop/java.awt.EventDispatchThread.pumpEventsForFilter(EventDispatchThread.java:124)
	at java.desktop/java.awt.EventDispatchThread.pumpEventsForHierarchy(EventDispatchThread.java:113)
	at java.desktop/java.awt.EventDispatchThread.pumpEvents(EventDispatchThread.java:109)
	at java.desktop/java.awt.EventDispatchThread.pumpEvents(EventDispatchThread.java:101)
	at java.desktop/java.awt.EventDispatchThread.run(EventDispatchThread.java:90)
2022-03-29 08:58:03 INFO  PluginTasksProjectComponent.projectOpened(77) - ---------- Project opened ----------
2022-03-29 08:58:03 INFO  PluginTasksProjectComponent.projectOpened(78) - ---------- Version 3.38 ----------

2022-03-29 08:58:03 INFO  PluginTasksProjectComponent.setAutoscrolls(366) - Autoscrolls successfully set
2022-03-29 08:58:03 INFO  ApacheHttpClient.createAsyncHttpClient(143) - 1 proxies selected. Type: DIRECT
2022-03-29 08:58:04 INFO  ApacheHttpClient.<init>(94) - ApacheHttpClient was successfully instantiated.
2022-03-29 08:58:04 ERROR ApacheHttpClient.testConnection(213) - Error while checking the connection with the server 
java.util.concurrent.ExecutionException: java.net.UnknownHostException: Этот хост неизвестен (javarush.ru)
	at org.apache.http.concurrent.BasicFuture.getResult(BasicFuture.java:70)
	at org.apache.http.concurrent.BasicFuture.get(BasicFuture.java:80)
	at com.homework.plugin.client.ApacheHttpClient.getResponseCode(ApacheHttpClient.java:569)
	at com.homework.plugin.client.ApacheHttpClient.testConnection(ApacheHttpClient.java:201)
	at com.homework.plugin.client.RestApiClientFactory.<clinit>(RestApiClientFactory.java:19)
	at com.homework.plugin.PluginTasksProjectComponent$1.projectOpened(PluginTasksProjectComponent.java:87)
	at com.intellij.openapi.project.impl.ProjectManagerImpl$1.projectOpened(ProjectManagerImpl.java:90)
	at com.intellij.util.messages.impl.MessageBusImpl.invokeMethod(MessageBusImpl.java:645)
	at com.intellij.util.messages.impl.MessageBusImpl.invokeListener(MessageBusImpl.java:624)
	at com.intellij.util.messages.impl.MessageBusImpl.access$300(MessageBusImpl.java:33)
	at com.intellij.util.messages.impl.MessageBusImpl$MessagePublisher.executeOrAddToQueue(MessageBusImpl.java:208)
	at com.intellij.util.messages.impl.CompositeMessageBus$ToDirectChildrenMessagePublisher.publish(CompositeMessageBus.java:105)
	at com.intellij.util.messages.impl.MessageBusImpl$MessagePublisher.invoke(MessageBusImpl.java:166)
	at com.sun.proxy.$Proxy79.projectOpened(Unknown Source)
	at com.intellij.openapi.project.impl.ProjectManagerExImplKt$openProject$1.run(ProjectManagerExImpl.kt:465)
	at com.intellij.openapi.application.TransactionGuardImpl.runWithWritingAllowed(TransactionGuardImpl.java:214)
	at com.intellij.openapi.application.TransactionGuardImpl.access$200(TransactionGuardImpl.java:21)
	at com.intellij.openapi.application.TransactionGuardImpl$2.run(TransactionGuardImpl.java:196)
	at com.intellij.openapi.application.impl.ApplicationImpl.runIntendedWriteActionOnCurrentThread(ApplicationImpl.java:794)
	at com.intellij.openapi.application.impl.ApplicationImpl.lambda$invokeAndWait$7(ApplicationImpl.java:451)
	at com.intellij.openapi.application.impl.LaterInvocator$1.run(LaterInvocator.java:134)
	at com.intellij.openapi.application.impl.FlushQueue.doRun(FlushQueue.java:84)
	at com.intellij.openapi.application.impl.FlushQueue.runNextEvent(FlushQueue.java:133)
	at com.intellij.openapi.application.impl.FlushQueue.flushNow(FlushQueue.java:46)
	at com.intellij.openapi.application.impl.FlushQueue$FlushNow.run(FlushQueue.java:189)
	at java.desktop/java.awt.event.InvocationEvent.dispatch(InvocationEvent.java:313)
	at java.desktop/java.awt.EventQueue.dispatchEventImpl(EventQueue.java:776)
	at java.desktop/java.awt.EventQueue$4.run(EventQueue.java:727)
	at java.desktop/java.awt.EventQueue$4.run(EventQueue.java:721)
	at java.base/java.security.AccessController.doPrivileged(Native Method)
	at java.base/java.security.ProtectionDomain$JavaSecurityAccessImpl.doIntersectionPrivilege(ProtectionDomain.java:85)
	at java.desktop/java.awt.EventQueue.dispatchEvent(EventQueue.java:746)
	at com.intellij.ide.IdeEventQueue.defaultDispatchEvent(IdeEventQueue.java:885)
	at com.intellij.ide.IdeEventQueue._dispatchEvent(IdeEventQueue.java:754)
	at com.intellij.ide.IdeEventQueue.lambda$dispatchEvent$6(IdeEventQueue.java:441)
	at com.intellij.openapi.progress.impl.CoreProgressManager.computePrioritized(CoreProgressManager.java:825)
	at com.intellij.ide.IdeEventQueue.lambda$dispatchEvent$7(IdeEventQueue.java:440)
	at com.intellij.openapi.application.impl.ApplicationImpl.runIntendedWriteActionOnCurrentThread(ApplicationImpl.java:794)
	at com.intellij.ide.IdeEventQueue.dispatchEvent(IdeEventQueue.java:486)
	at java.desktop/java.awt.EventDispatchThread.pumpOneEventForFilters(EventDispatchThread.java:203)
	at java.desktop/java.awt.EventDispatchThread.pumpEventsForFilter(EventDispatchThread.java:124)
	at java.desktop/java.awt.EventDispatchThread.pumpEventsForHierarchy(EventDispatchThread.java:113)
	at java.desktop/java.awt.EventDispatchThread.pumpEvents(EventDispatchThread.java:109)
	at java.desktop/java.awt.EventDispatchThread.pumpEvents(EventDispatchThread.java:101)
	at java.desktop/java.awt.EventDispatchThread.run(EventDispatchThread.java:90)
Caused by: java.net.UnknownHostException: Этот хост неизвестен (javarush.ru)
	at java.base/java.net.Inet4AddressImpl.lookupAllHostAddr(Native Method)
	at java.base/java.net.InetAddress$PlatformNameService.lookupAllHostAddr(InetAddress.java:929)
	at java.base/java.net.InetAddress.getAddressesFromNameService(InetAddress.java:1519)
	at java.base/java.net.InetAddress$NameServiceAddresses.get(InetAddress.java:848)
	at java.base/java.net.InetAddress.getAllByName0(InetAddress.java:1509)
	at java.base/java.net.InetAddress.getAllByName(InetAddress.java:1368)
	at java.base/java.net.InetAddress.getAllByName(InetAddress.java:1302)
	at org.apache.http.impl.conn.SystemDefaultDnsResolver.resolve(SystemDefaultDnsResolver.java:45)
	at org.apache.http.impl.nio.conn.PoolingNHttpClientConnectionManager$InternalAddressResolver.resolveRemoteAddress(PoolingNHttpClientConnectionManager.java:609)
	at org.apache.http.impl.nio.conn.PoolingNHttpClientConnectionManager$InternalAddressResolver.resolveRemoteAddress(PoolingNHttpClientConnectionManager.java:580)
	at org.apache.http.nio.pool.AbstractNIOConnPool.processPendingRequest(AbstractNIOConnPool.java:427)
	at org.apache.http.nio.pool.AbstractNIOConnPool.lease(AbstractNIOConnPool.java:276)
	at org.apache.http.impl.nio.conn.PoolingNHttpClientConnectionManager.requestConnection(PoolingNHttpClientConnectionManager.java:266)
	at org.apache.http.impl.nio.client.AbstractClientExchangeHandler.requestConnection(AbstractClientExchangeHandler.java:363)
	at org.apache.http.impl.nio.client.DefaultClientExchangeHandlerImpl.start(DefaultClientExchangeHandlerImpl.java:125)
	at org.apache.http.impl.nio.client.InternalHttpAsyncClient.execute(InternalHttpAsyncClient.java:141)
	at org.apache.http.impl.nio.client.CloseableHttpAsyncClient.execute(CloseableHttpAsyncClient.java:75)
	at org.apache.http.impl.nio.client.CloseableHttpAsyncClient.execute(CloseableHttpAsyncClient.java:108)
	at com.homework.plugin.client.ApacheHttpClient.testConnection(ApacheHttpClient.java:200)
	... 41 more
2022-03-29 08:58:04 INFO  ApacheHttpClient.testConnection(217) - result = false
2022-03-29 08:58:04 ERROR HttpsURLConnectionClient.<init>(78) - Error while getting the proxy login from HttpConfigurable.
2022-03-29 08:58:04 ERROR HttpsURLConnectionClient.getServerAvailabilityStatus(722) - Error while checking server availability.
java.net.UnknownHostException: javarush.ru
	at java.base/java.net.AbstractPlainSocketImpl.connect(AbstractPlainSocketImpl.java:220)
	at java.base/java.net.SocksSocketImpl.connect(SocksSocketImpl.java:392)
	at java.base/java.net.Socket.connect(Socket.java:609)
	at java.base/sun.security.ssl.SSLSocketImpl.connect(SSLSocketImpl.java:299)
	at java.base/sun.net.NetworkClient.doConnect(NetworkClient.java:177)
	at java.base/sun.net.www.http.HttpClient.openServer(HttpClient.java:474)
	at java.base/sun.net.www.http.HttpClient.openServer(HttpClient.java:569)
	at java.base/sun.net.www.protocol.https.HttpsClient.<init>(HttpsClient.java:266)
	at java.base/sun.net.www.protocol.https.HttpsClient.New(HttpsClient.java:373)
	at java.base/sun.net.www.protocol.https.AbstractDelegateHttpsURLConnection.getNewHttpClient(AbstractDelegateHttpsURLConnection.java:203)
	at java.base/sun.net.www.protocol.http.HttpURLConnection.plainConnect0(HttpURLConnection.java:1187)
	at java.base/sun.net.www.protocol.http.HttpURLConnection.plainConnect(HttpURLConnection.java:1081)
	at java.base/sun.net.www.protocol.https.AbstractDelegateHttpsURLConnection.connect(AbstractDelegateHttpsURLConnection.java:189)
	at java.base/sun.net.www.protocol.https.HttpsURLConnectionImpl.connect(HttpsURLConnectionImpl.java:168)
	at com.homework.plugin.client.HttpsURLConnectionClient.getServerAvailabilityStatus(HttpsURLConnectionClient.java:706)
	at com.homework.plugin.PluginTasksProjectComponent$1.projectOpened(PluginTasksProjectComponent.java:89)
	at com.intellij.openapi.project.impl.ProjectManagerImpl$1.projectOpened(ProjectManagerImpl.java:90)
	at com.intellij.util.messages.impl.MessageBusImpl.invokeMethod(MessageBusImpl.java:645)
	at com.intellij.util.messages.impl.MessageBusImpl.invokeListener(MessageBusImpl.java:624)
	at com.intellij.util.messages.impl.MessageBusImpl.access$300(MessageBusImpl.java:33)
	at com.intellij.util.messages.impl.MessageBusImpl$MessagePublisher.executeOrAddToQueue(MessageBusImpl.java:208)
	at com.intellij.util.messages.impl.CompositeMessageBus$ToDirectChildrenMessagePublisher.publish(CompositeMessageBus.java:105)
	at com.intellij.util.messages.impl.MessageBusImpl$MessagePublisher.invoke(MessageBusImpl.java:166)
	at com.sun.proxy.$Proxy79.projectOpened(Unknown Source)
	at com.intellij.openapi.project.impl.ProjectManagerExImplKt$openProject$1.run(ProjectManagerExImpl.kt:465)
	at com.intellij.openapi.application.TransactionGuardImpl.runWithWritingAllowed(TransactionGuardImpl.java:214)
	at com.intellij.openapi.application.TransactionGuardImpl.access$200(TransactionGuardImpl.java:21)
	at com.intellij.openapi.application.TransactionGuardImpl$2.run(TransactionGuardImpl.java:196)
	at com.intellij.openapi.application.impl.ApplicationImpl.runIntendedWriteActionOnCurrentThread(ApplicationImpl.java:794)
	at com.intellij.openapi.application.impl.ApplicationImpl.lambda$invokeAndWait$7(ApplicationImpl.java:451)
	at com.intellij.openapi.application.impl.LaterInvocator$1.run(LaterInvocator.java:134)
	at com.intellij.openapi.application.impl.FlushQueue.doRun(FlushQueue.java:84)
	at com.intellij.openapi.application.impl.FlushQueue.runNextEvent(FlushQueue.java:133)
	at com.intellij.openapi.application.impl.FlushQueue.flushNow(FlushQueue.java:46)
	at com.intellij.openapi.application.impl.FlushQueue$FlushNow.run(FlushQueue.java:189)
	at java.desktop/java.awt.event.InvocationEvent.dispatch(InvocationEvent.java:313)
	at java.desktop/java.awt.EventQueue.dispatchEventImpl(EventQueue.java:776)
	at java.desktop/java.awt.EventQueue$4.run(EventQueue.java:727)
	at java.desktop/java.awt.EventQueue$4.run(EventQueue.java:721)
	at java.base/java.security.AccessController.doPrivileged(Native Method)
	at java.base/java.security.ProtectionDomain$JavaSecurityAccessImpl.doIntersectionPrivilege(ProtectionDomain.java:85)
	at java.desktop/java.awt.EventQueue.dispatchEvent(EventQueue.java:746)
	at com.intellij.ide.IdeEventQueue.defaultDispatchEvent(IdeEventQueue.java:885)
	at com.intellij.ide.IdeEventQueue._dispatchEvent(IdeEventQueue.java:754)
	at com.intellij.ide.IdeEventQueue.lambda$dispatchEvent$6(IdeEventQueue.java:441)
	at com.intellij.openapi.progress.impl.CoreProgressManager.computePrioritized(CoreProgressManager.java:825)
	at com.intellij.ide.IdeEventQueue.lambda$dispatchEvent$7(IdeEventQueue.java:440)
	at com.intellij.openapi.application.impl.ApplicationImpl.runIntendedWriteActionOnCurrentThread(ApplicationImpl.java:794)
	at com.intellij.ide.IdeEventQueue.dispatchEvent(IdeEventQueue.java:486)
	at java.desktop/java.awt.EventDispatchThread.pumpOneEventForFilters(EventDispatchThread.java:203)
	at java.desktop/java.awt.EventDispatchThread.pumpEventsForFilter(EventDispatchThread.java:124)
	at java.desktop/java.awt.EventDispatchThread.pumpEventsForHierarchy(EventDispatchThread.java:113)
	at java.desktop/java.awt.EventDispatchThread.pumpEvents(EventDispatchThread.java:109)
	at java.desktop/java.awt.EventDispatchThread.pumpEvents(EventDispatchThread.java:101)
	at java.desktop/java.awt.EventDispatchThread.run(EventDispatchThread.java:90)
2022-04-03 20:26:31 INFO  PluginTasksProjectComponent.projectClosing(188) - ---------- Project closed ----------

2022-04-03 20:29:43 INFO  PluginTasksProjectComponent.projectOpened(77) - ---------- Project opened ----------
2022-04-03 20:29:43 INFO  PluginTasksProjectComponent.projectOpened(78) - ---------- Version 3.38 ----------

2022-04-03 20:29:44 INFO  PluginTasksProjectComponent.setAutoscrolls(366) - Autoscrolls successfully set
2022-04-03 20:29:44 INFO  ApacheHttpClient.createAsyncHttpClient(143) - 1 proxies selected. Type: DIRECT
2022-04-03 20:29:44 INFO  ApacheHttpClient.<init>(94) - ApacheHttpClient was successfully instantiated.
2022-04-03 20:29:45 INFO  ApacheHttpClient.testConnection(202) - responseCode = 200
2022-04-03 20:29:45 INFO  ApacheHttpClient.testConnection(217) - result = true
2022-04-03 20:29:45 INFO  ApacheHttpClient.isSessionAppropriateWithSecretKey(581) - The session is not set in the property file.
2022-04-03 20:29:47 INFO  ApacheHttpClient.login(247) - Waiting for server response.
2022-04-03 20:29:47 INFO  ApacheHttpClient.login(251) - responseCode = 200
2022-04-03 20:29:47 INFO  ApacheHttpClient.login(274) - JSESSIONID OK
2022-04-03 20:29:47 INFO  ApacheHttpClient.refreshUserInfo(302) - responseCode = 200
2022-04-03 20:29:47 INFO  ApacheHttpClient.refreshUserInfo(308) - User information received.
2022-04-03 20:29:47 INFO  ApacheHttpClient.startGA(35) - GAService started.
2022-04-03 20:29:47 WARN  PluginUtil.isProjectStructureCorrect(343) - The project structure is invalid.
2022-04-03 20:39:54 INFO  PluginTasksProjectComponent.projectClosing(188) - ---------- Project closed ----------

2022-04-03 20:52:47 INFO  PluginTasksProjectComponent.projectOpened(77) - ---------- Project opened ----------
2022-04-03 20:52:47 INFO  PluginTasksProjectComponent.projectOpened(78) - ---------- Version 3.38 ----------

2022-04-03 20:52:47 INFO  PluginTasksProjectComponent.setAutoscrolls(366) - Autoscrolls successfully set
2022-04-03 20:52:47 INFO  ApacheHttpClient.createAsyncHttpClient(143) - 1 proxies selected. Type: DIRECT
2022-04-03 20:52:48 INFO  ApacheHttpClient.<init>(94) - ApacheHttpClient was successfully instantiated.
2022-04-03 20:52:48 INFO  ApacheHttpClient.testConnection(202) - responseCode = 200
2022-04-03 20:52:48 INFO  ApacheHttpClient.testConnection(217) - result = true
2022-04-03 20:52:49 INFO  ApacheHttpClient.isSessionAppropriateWithSecretKey(594) - Waiting for server response.
2022-04-03 20:52:49 INFO  ApacheHttpClient.isSessionAppropriateWithSecretKey(594) - Waiting for server response.
2022-04-03 20:52:50 INFO  ApacheHttpClient.refreshUserInfo(302) - responseCode = 200
2022-04-03 20:52:50 INFO  ApacheHttpClient.refreshUserInfo(308) - User information received.
2022-04-03 20:52:50 INFO  ApacheHttpClient.startGA(35) - GAService started.
2022-04-03 20:52:50 WARN  PluginUtil.isProjectStructureCorrect(343) - The project structure is invalid.
2022-04-08 15:57:59 INFO  PluginTasksProjectComponent.projectClosing(188) - ---------- Project closed ----------

2022-04-11 09:03:30 INFO  PluginTasksProjectComponent.projectOpened(77) - ---------- Project opened ----------
2022-04-11 09:03:30 INFO  PluginTasksProjectComponent.projectOpened(78) - ---------- Version 3.38 ----------

2022-04-11 09:03:30 INFO  ApacheHttpClient.createAsyncHttpClient(143) - 1 proxies selected. Type: DIRECT
2022-04-11 09:03:30 INFO  ApacheHttpClient.<init>(94) - ApacheHttpClient was successfully instantiated.
2022-04-11 09:03:30 ERROR ApacheHttpClient.testConnection(213) - Error while checking the connection with the server 
java.util.concurrent.ExecutionException: java.net.UnknownHostException: Этот хост неизвестен (javarush.ru)
	at org.apache.http.concurrent.BasicFuture.getResult(BasicFuture.java:70)
	at org.apache.http.concurrent.BasicFuture.get(BasicFuture.java:80)
	at com.homework.plugin.client.ApacheHttpClient.getResponseCode(ApacheHttpClient.java:569)
	at com.homework.plugin.client.ApacheHttpClient.testConnection(ApacheHttpClient.java:201)
	at com.homework.plugin.client.RestApiClientFactory.<clinit>(RestApiClientFactory.java:19)
	at com.homework.plugin.PluginTasksProjectComponent$1.projectOpened(PluginTasksProjectComponent.java:87)
	at com.intellij.openapi.project.impl.ProjectManagerImpl$1.projectOpened(ProjectManagerImpl.java:91)
	at com.intellij.util.messages.impl.MessageBusImpl.invokeMethod(MessageBusImpl.java:645)
	at com.intellij.util.messages.impl.MessageBusImpl.invokeListener(MessageBusImpl.java:624)
	at com.intellij.util.messages.impl.MessageBusImpl.access$300(MessageBusImpl.java:33)
	at com.intellij.util.messages.impl.MessageBusImpl$MessagePublisher.executeOrAddToQueue(MessageBusImpl.java:208)
	at com.intellij.util.messages.impl.CompositeMessageBus$ToDirectChildrenMessagePublisher.publish(CompositeMessageBus.java:105)
	at com.intellij.util.messages.impl.MessageBusImpl$MessagePublisher.invoke(MessageBusImpl.java:166)
	at com.sun.proxy.$Proxy83.projectOpened(Unknown Source)
	at com.intellij.openapi.project.impl.ProjectManagerExImplKt$openProject$1.run(ProjectManagerExImpl.kt:470)
	at com.intellij.openapi.application.TransactionGuardImpl.runWithWritingAllowed(TransactionGuardImpl.java:214)
	at com.intellij.openapi.application.TransactionGuardImpl.access$200(TransactionGuardImpl.java:21)
	at com.intellij.openapi.application.TransactionGuardImpl$2.run(TransactionGuardImpl.java:196)
	at com.intellij.openapi.application.impl.ApplicationImpl.runIntendedWriteActionOnCurrentThread(ApplicationImpl.java:805)
	at com.intellij.openapi.application.impl.ApplicationImpl.lambda$invokeAndWait$7(ApplicationImpl.java:450)
	at com.intellij.openapi.application.impl.LaterInvocator$1.run(LaterInvocator.java:134)
	at com.intellij.openapi.application.impl.FlushQueue.doRun(FlushQueue.java:82)
	at com.intellij.openapi.application.impl.FlushQueue.runNextEvent(FlushQueue.java:131)
	at com.intellij.openapi.application.impl.FlushQueue.flushNow(FlushQueue.java:47)
	at com.intellij.openapi.application.impl.FlushQueue$FlushNow.run(FlushQueue.java:187)
	at java.desktop/java.awt.event.InvocationEvent.dispatch(InvocationEvent.java:313)
	at java.desktop/java.awt.EventQueue.dispatchEventImpl(EventQueue.java:776)
	at java.desktop/java.awt.EventQueue$4.run(EventQueue.java:727)
	at java.desktop/java.awt.EventQueue$4.run(EventQueue.java:721)
	at java.base/java.security.AccessController.doPrivileged(Native Method)
	at java.base/java.security.ProtectionDomain$JavaSecurityAccessImpl.doIntersectionPrivilege(ProtectionDomain.java:85)
	at java.desktop/java.awt.EventQueue.dispatchEvent(EventQueue.java:746)
	at com.intellij.ide.IdeEventQueue.defaultDispatchEvent(IdeEventQueue.java:891)
	at com.intellij.ide.IdeEventQueue._dispatchEvent(IdeEventQueue.java:760)
	at com.intellij.ide.IdeEventQueue.lambda$dispatchEvent$6(IdeEventQueue.java:447)
	at com.intellij.openapi.progress.impl.CoreProgressManager.computePrioritized(CoreProgressManager.java:818)
	at com.intellij.ide.IdeEventQueue.lambda$dispatchEvent$7(IdeEventQueue.java:446)
	at com.intellij.openapi.application.impl.ApplicationImpl.runIntendedWriteActionOnCurrentThread(ApplicationImpl.java:805)
	at com.intellij.ide.IdeEventQueue.dispatchEvent(IdeEventQueue.java:492)
	at java.desktop/java.awt.EventDispatchThread.pumpOneEventForFilters(EventDispatchThread.java:203)
	at java.desktop/java.awt.EventDispatchThread.pumpEventsForFilter(EventDispatchThread.java:124)
	at java.desktop/java.awt.EventDispatchThread.pumpEventsForHierarchy(EventDispatchThread.java:113)
	at java.desktop/java.awt.EventDispatchThread.pumpEvents(EventDispatchThread.java:109)
	at java.desktop/java.awt.EventDispatchThread.pumpEvents(EventDispatchThread.java:101)
	at java.desktop/java.awt.EventDispatchThread.run(EventDispatchThread.java:90)
Caused by: java.net.UnknownHostException: Этот хост неизвестен (javarush.ru)
	at java.base/java.net.Inet4AddressImpl.lookupAllHostAddr(Native Method)
	at java.base/java.net.InetAddress$PlatformNameService.lookupAllHostAddr(InetAddress.java:929)
	at java.base/java.net.InetAddress.getAddressesFromNameService(InetAddress.java:1519)
	at java.base/java.net.InetAddress$NameServiceAddresses.get(InetAddress.java:848)
	at java.base/java.net.InetAddress.getAllByName0(InetAddress.java:1509)
	at java.base/java.net.InetAddress.getAllByName(InetAddress.java:1368)
	at java.base/java.net.InetAddress.getAllByName(InetAddress.java:1302)
	at org.apache.http.impl.conn.SystemDefaultDnsResolver.resolve(SystemDefaultDnsResolver.java:45)
	at org.apache.http.impl.nio.conn.PoolingNHttpClientConnectionManager$InternalAddressResolver.resolveRemoteAddress(PoolingNHttpClientConnectionManager.java:609)
	at org.apache.http.impl.nio.conn.PoolingNHttpClientConnectionManager$InternalAddressResolver.resolveRemoteAddress(PoolingNHttpClientConnectionManager.java:580)
	at org.apache.http.nio.pool.AbstractNIOConnPool.processPendingRequest(AbstractNIOConnPool.java:427)
	at org.apache.http.nio.pool.AbstractNIOConnPool.lease(AbstractNIOConnPool.java:276)
	at org.apache.http.impl.nio.conn.PoolingNHttpClientConnectionManager.requestConnection(PoolingNHttpClientConnectionManager.java:266)
	at org.apache.http.impl.nio.client.AbstractClientExchangeHandler.requestConnection(AbstractClientExchangeHandler.java:363)
	at org.apache.http.impl.nio.client.DefaultClientExchangeHandlerImpl.start(DefaultClientExchangeHandlerImpl.java:125)
	at org.apache.http.impl.nio.client.InternalHttpAsyncClient.execute(InternalHttpAsyncClient.java:141)
	at org.apache.http.impl.nio.client.CloseableHttpAsyncClient.execute(CloseableHttpAsyncClient.java:75)
	at org.apache.http.impl.nio.client.CloseableHttpAsyncClient.execute(CloseableHttpAsyncClient.java:108)
	at com.homework.plugin.client.ApacheHttpClient.testConnection(ApacheHttpClient.java:200)
	... 41 more
2022-04-11 09:03:31 INFO  ApacheHttpClient.testConnection(217) - result = false
2022-04-11 09:03:31 ERROR HttpsURLConnectionClient.<init>(78) - Error while getting the proxy login from HttpConfigurable.
2022-04-11 09:03:31 ERROR HttpsURLConnectionClient.getServerAvailabilityStatus(722) - Error while checking server availability.
java.net.UnknownHostException: javarush.ru
	at java.base/java.net.AbstractPlainSocketImpl.connect(AbstractPlainSocketImpl.java:229)
	at java.base/java.net.SocksSocketImpl.connect(SocksSocketImpl.java:392)
	at java.base/java.net.Socket.connect(Socket.java:609)
	at java.base/sun.security.ssl.SSLSocketImpl.connect(SSLSocketImpl.java:300)
	at java.base/sun.net.NetworkClient.doConnect(NetworkClient.java:177)
	at java.base/sun.net.www.http.HttpClient.openServer(HttpClient.java:474)
	at java.base/sun.net.www.http.HttpClient.openServer(HttpClient.java:569)
	at java.base/sun.net.www.protocol.https.HttpsClient.<init>(HttpsClient.java:266)
	at java.base/sun.net.www.protocol.https.HttpsClient.New(HttpsClient.java:373)
	at java.base/sun.net.www.protocol.https.AbstractDelegateHttpsURLConnection.getNewHttpClient(AbstractDelegateHttpsURLConnection.java:203)
	at java.base/sun.net.www.protocol.http.HttpURLConnection.plainConnect0(HttpURLConnection.java:1187)
	at java.base/sun.net.www.protocol.http.HttpURLConnection.plainConnect(HttpURLConnection.java:1081)
	at java.base/sun.net.www.protocol.https.AbstractDelegateHttpsURLConnection.connect(AbstractDelegateHttpsURLConnection.java:189)
	at java.base/sun.net.www.protocol.https.HttpsURLConnectionImpl.connect(HttpsURLConnectionImpl.java:168)
	at com.homework.plugin.client.HttpsURLConnectionClient.getServerAvailabilityStatus(HttpsURLConnectionClient.java:706)
	at com.homework.plugin.PluginTasksProjectComponent$1.projectOpened(PluginTasksProjectComponent.java:89)
	at com.intellij.openapi.project.impl.ProjectManagerImpl$1.projectOpened(ProjectManagerImpl.java:91)
	at com.intellij.util.messages.impl.MessageBusImpl.invokeMethod(MessageBusImpl.java:645)
	at com.intellij.util.messages.impl.MessageBusImpl.invokeListener(MessageBusImpl.java:624)
	at com.intellij.util.messages.impl.MessageBusImpl.access$300(MessageBusImpl.java:33)
	at com.intellij.util.messages.impl.MessageBusImpl$MessagePublisher.executeOrAddToQueue(MessageBusImpl.java:208)
	at com.intellij.util.messages.impl.CompositeMessageBus$ToDirectChildrenMessagePublisher.publish(CompositeMessageBus.java:105)
	at com.intellij.util.messages.impl.MessageBusImpl$MessagePublisher.invoke(MessageBusImpl.java:166)
	at com.sun.proxy.$Proxy83.projectOpened(Unknown Source)
	at com.intellij.openapi.project.impl.ProjectManagerExImplKt$openProject$1.run(ProjectManagerExImpl.kt:470)
	at com.intellij.openapi.application.TransactionGuardImpl.runWithWritingAllowed(TransactionGuardImpl.java:214)
	at com.intellij.openapi.application.TransactionGuardImpl.access$200(TransactionGuardImpl.java:21)
	at com.intellij.openapi.application.TransactionGuardImpl$2.run(TransactionGuardImpl.java:196)
	at com.intellij.openapi.application.impl.ApplicationImpl.runIntendedWriteActionOnCurrentThread(ApplicationImpl.java:805)
	at com.intellij.openapi.application.impl.ApplicationImpl.lambda$invokeAndWait$7(ApplicationImpl.java:450)
	at com.intellij.openapi.application.impl.LaterInvocator$1.run(LaterInvocator.java:134)
	at com.intellij.openapi.application.impl.FlushQueue.doRun(FlushQueue.java:82)
	at com.intellij.openapi.application.impl.FlushQueue.runNextEvent(FlushQueue.java:131)
	at com.intellij.openapi.application.impl.FlushQueue.flushNow(FlushQueue.java:47)
	at com.intellij.openapi.application.impl.FlushQueue$FlushNow.run(FlushQueue.java:187)
	at java.desktop/java.awt.event.InvocationEvent.dispatch(InvocationEvent.java:313)
	at java.desktop/java.awt.EventQueue.dispatchEventImpl(EventQueue.java:776)
	at java.desktop/java.awt.EventQueue$4.run(EventQueue.java:727)
	at java.desktop/java.awt.EventQueue$4.run(EventQueue.java:721)
	at java.base/java.security.AccessController.doPrivileged(Native Method)
	at java.base/java.security.ProtectionDomain$JavaSecurityAccessImpl.doIntersectionPrivilege(ProtectionDomain.java:85)
	at java.desktop/java.awt.EventQueue.dispatchEvent(EventQueue.java:746)
	at com.intellij.ide.IdeEventQueue.defaultDispatchEvent(IdeEventQueue.java:891)
	at com.intellij.ide.IdeEventQueue._dispatchEvent(IdeEventQueue.java:760)
	at com.intellij.ide.IdeEventQueue.lambda$dispatchEvent$6(IdeEventQueue.java:447)
	at com.intellij.openapi.progress.impl.CoreProgressManager.computePrioritized(CoreProgressManager.java:818)
	at com.intellij.ide.IdeEventQueue.lambda$dispatchEvent$7(IdeEventQueue.java:446)
	at com.intellij.openapi.application.impl.ApplicationImpl.runIntendedWriteActionOnCurrentThread(ApplicationImpl.java:805)
	at com.intellij.ide.IdeEventQueue.dispatchEvent(IdeEventQueue.java:492)
	at java.desktop/java.awt.EventDispatchThread.pumpOneEventForFilters(EventDispatchThread.java:203)
	at java.desktop/java.awt.EventDispatchThread.pumpEventsForFilter(EventDispatchThread.java:124)
	at java.desktop/java.awt.EventDispatchThread.pumpEventsForHierarchy(EventDispatchThread.java:113)
	at java.desktop/java.awt.EventDispatchThread.pumpEvents(EventDispatchThread.java:109)
	at java.desktop/java.awt.EventDispatchThread.pumpEvents(EventDispatchThread.java:101)
	at java.desktop/java.awt.EventDispatchThread.run(EventDispatchThread.java:90)
2022-04-19 11:38:05 INFO  PluginTasksProjectComponent.projectClosing(188) - ---------- Project closed ----------

2022-04-19 11:53:17 INFO  PluginTasksProjectComponent.projectOpened(77) - ---------- Project opened ----------
2022-04-19 11:53:17 INFO  PluginTasksProjectComponent.projectOpened(78) - ---------- Version 3.38 ----------

2022-04-19 11:53:18 INFO  ApacheHttpClient.createAsyncHttpClient(143) - 1 proxies selected. Type: DIRECT
2022-04-19 11:53:18 INFO  ApacheHttpClient.<init>(94) - ApacheHttpClient was successfully instantiated.
2022-04-19 11:53:19 INFO  ApacheHttpClient.testConnection(202) - responseCode = 200
2022-04-19 11:53:19 INFO  ApacheHttpClient.testConnection(217) - result = true
2022-04-19 11:53:19 INFO  ApacheHttpClient.isSessionAppropriateWithSecretKey(594) - Waiting for server response.
2022-04-19 11:53:19 INFO  ApacheHttpClient.isSessionAppropriateWithSecretKey(594) - Waiting for server response.
2022-04-19 11:53:20 INFO  ApacheHttpClient.refreshUserInfo(302) - responseCode = 200
2022-04-19 11:53:21 INFO  ApacheHttpClient.refreshUserInfo(308) - User information received.
2022-04-19 11:53:21 INFO  ApacheHttpClient.startGA(35) - GAService started.
2022-04-19 11:53:21 WARN  PluginUtil.isProjectStructureCorrect(343) - The project structure is invalid.
